<?xml version="1.0" encoding="UTF-8"?>
<coverage generated="1659517350069" clover="3.2.0">
  <project timestamp="1659517350069" name="All files">
    <metrics statements="3" coveredstatements="3" conditionals="0" coveredconditionals="0" methods="1" coveredmethods="1" elements="4" coveredelements="4" complexity="0" loc="3" ncloc="3" packages="1" files="1" classes="1"/>
    <file name="Radio.jsx" path="/home/user/git-projects/todo-list-react/src/components/Radio.jsx">
      <metrics statements="3" coveredstatements="3" conditionals="0" coveredconditionals="0" methods="1" coveredmethods="1"/>
      <line num="4" count="1" type="stmt"/>
      <line num="8" count="1" type="stmt"/>
      <line num="9" count="7" type="stmt"/>
    </file>
  </project>
</coverage>
