{"/home/user/git-projects/todo-list-react/src/components/Radio.jsx": {"path":"/home/user/git-projects/todo-list-react/src/components/Radio.jsx","statementMap":{"0":{"start":{"line":4,"column":20},"end":{"line":6,"column":1}},"1":{"start":{"line":8,"column":14},"end":{"line":22,"column":1}},"2":{"start":{"line":9,"column":2},"end":{"line":21,"column":4}}},"fnMap":{"0":{"name":"(anonymous_0)","decl":{"start":{"line":8,"column":14},"end":{"line":8,"column":15}},"loc":{"start":{"line":8,"column":64},"end":{"line":22,"column":1}},"line":8}},"branchMap":{},"s":{"0":1,"1":1,"2":7},"f":{"0":7},"b":{},"_coverageSchema":"1a1c01bbd47fc00a2c39e90264f33305004495a9","hash":"299febe7b4a5af40a464b60577aa606a1af09732"}
}
